2023-04-02 22:25:01.071032 - Initialized conversion of CBT179
2023-04-02 22:25:01.937588 - Received CBT.V504.FILE179.PDS from FILE179.XMI 
2023-04-02 22:25:01.940313 - Found $$$#DATE.txt (text/plain) in CBT.V504.FILE179.PDS, moved to PDS/$$$#DATE
2023-04-02 22:25:01.941420 - Found $$ASM.txt (text/plain) in CBT.V504.FILE179.PDS, moved to PDS/$$ASM
2023-04-02 22:25:01.942743 - Found $MF.txt (text/plain) in CBT.V504.FILE179.PDS, moved to PDS/$MF
2023-04-02 22:25:01.943844 - Found $MVCX.txt (text/plain) in CBT.V504.FILE179.PDS, moved to PDS/$MVCX
2023-04-02 22:25:01.944920 - Found $RXQ.txt (text/plain) in CBT.V504.FILE179.PDS, moved to PDS/$RXQ
2023-04-02 22:25:01.945939 - Found $RXR.txt (text/plain) in CBT.V504.FILE179.PDS, moved to PDS/$RXR
2023-04-02 22:25:01.946947 - Found $STP.txt (text/plain) in CBT.V504.FILE179.PDS, moved to PDS/$STP
2023-04-02 22:25:01.948004 - Found $3270.txt (text/plain) in CBT.V504.FILE179.PDS, moved to PDS/$3270
2023-04-02 22:25:01.949011 - Found #MATCH.txt (text/plain) in CBT.V504.FILE179.PDS, moved to PDS/#MATCH
2023-04-02 22:25:01.949959 - Found @FILE179.txt (text/plain) in CBT.V504.FILE179.PDS, moved to PDS/@FILE179
2023-04-02 22:25:01.950943 - Found @GLOBAL@.txt (text/plain) in CBT.V504.FILE179.PDS, moved to PDS/@GLOBAL@
2023-04-02 22:25:01.952012 - Found @GLOBALC.txt (text/plain) in CBT.V504.FILE179.PDS, moved to PDS/@GLOBALC
2023-04-02 22:25:01.953283 - Found @GLOBALS.txt (text/plain) in CBT.V504.FILE179.PDS, moved to PDS/@GLOBALS
2023-04-02 22:25:01.954286 - Found @GLOBLC@.txt (text/plain) in CBT.V504.FILE179.PDS, moved to PDS/@GLOBLC@
2023-04-02 22:25:01.955274 - Found ACCTPFX.txt (text/plain) in CBT.V504.FILE179.PDS, moved to PDS/ACCTPFX
2023-04-02 22:25:01.956373 - Found ACCTTBL.txt (text/plain) in CBT.V504.FILE179.PDS, moved to PDS/ACCTTBL
2023-04-02 22:25:01.957426 - Found ALLOC.txt (text/plain) in CBT.V504.FILE179.PDS, moved to PDS/ALLOC
2023-04-02 22:25:01.958354 - Found AMODE.txt (text/plain) in CBT.V504.FILE179.PDS, moved to PDS/AMODE
2023-04-02 22:25:01.959420 - Found AMODE24.txt (text/plain) in CBT.V504.FILE179.PDS, moved to PDS/AMODE24
2023-04-02 22:25:01.960451 - Found AMODE31.txt (text/plain) in CBT.V504.FILE179.PDS, moved to PDS/AMODE31
2023-04-02 22:25:01.961451 - Found APFSET.txt (text/plain) in CBT.V504.FILE179.PDS, moved to PDS/APFSET
2023-04-02 22:25:01.962385 - Found ATSVPARM.txt (text/plain) in CBT.V504.FILE179.PDS, moved to PDS/ATSVPARM
2023-04-02 22:25:01.963348 - Found AXEXT#.txt (text/plain) in CBT.V504.FILE179.PDS, moved to PDS/AXEXT#
2023-04-02 22:25:01.964272 - Found AXSET#.txt (text/plain) in CBT.V504.FILE179.PDS, moved to PDS/AXSET#
2023-04-02 22:25:01.965199 - Found CHARTAB.txt (text/plain) in CBT.V504.FILE179.PDS, moved to PDS/CHARTAB
2023-04-02 22:25:01.966160 - Found COLHDR.txt (text/plain) in CBT.V504.FILE179.PDS, moved to PDS/COLHDR
2023-04-02 22:25:01.967300 - Found COLVAR.txt (text/plain) in CBT.V504.FILE179.PDS, moved to PDS/COLVAR
2023-04-02 22:25:01.968248 - Found DAIRPB04.txt (text/plain) in CBT.V504.FILE179.PDS, moved to PDS/DAIRPB04
2023-04-02 22:25:01.969541 - Found DAIRPB08.txt (text/plain) in CBT.V504.FILE179.PDS, moved to PDS/DAIRPB08
2023-04-02 22:25:01.970596 - Found DAIRPB1C.txt (text/plain) in CBT.V504.FILE179.PDS, moved to PDS/DAIRPB1C
2023-04-02 22:25:01.971779 - Found DAIRPB18.txt (text/plain) in CBT.V504.FILE179.PDS, moved to PDS/DAIRPB18
2023-04-02 22:25:01.972933 - Found DAYS.txt (text/plain) in CBT.V504.FILE179.PDS, moved to PDS/DAYS
2023-04-02 22:25:01.973972 - Found DCBEXIT.txt (text/plain) in CBT.V504.FILE179.PDS, moved to PDS/DCBEXIT
2023-04-02 22:25:01.974938 - Found DCMS#DCC.txt (text/plain) in CBT.V504.FILE179.PDS, moved to PDS/DCMS#DCC
2023-04-02 22:25:01.975911 - Found DCMS#FR.txt (text/plain) in CBT.V504.FILE179.PDS, moved to PDS/DCMS#FR
2023-04-02 22:25:01.976842 - Found DCMS#HFR.txt (text/plain) in CBT.V504.FILE179.PDS, moved to PDS/DCMS#HFR
2023-04-02 22:25:01.977923 - Found DCMS#PUT.txt (text/plain) in CBT.V504.FILE179.PDS, moved to PDS/DCMS#PUT
2023-04-02 22:25:01.979002 - Found DCMS#STK.txt (text/plain) in CBT.V504.FILE179.PDS, moved to PDS/DCMS#STK
2023-04-02 22:25:01.980178 - Found DCMSERV.txt (text/plain) in CBT.V504.FILE179.PDS, moved to PDS/DCMSERV
2023-04-02 22:25:01.981184 - Found DCMSFEND.txt (text/plain) in CBT.V504.FILE179.PDS, moved to PDS/DCMSFEND
2023-04-02 22:25:01.982129 - Found DCMSFLD.txt (text/plain) in CBT.V504.FILE179.PDS, moved to PDS/DCMSFLD
2023-04-02 22:25:01.983187 - Found DCMSFMT.txt (text/plain) in CBT.V504.FILE179.PDS, moved to PDS/DCMSFMT
2023-04-02 22:25:01.984382 - Found DCMSGBLS.txt (text/plain) in CBT.V504.FILE179.PDS, moved to PDS/DCMSGBLS
2023-04-02 22:25:01.985657 - Found DCMSNULL.txt (text/plain) in CBT.V504.FILE179.PDS, moved to PDS/DCMSNULL
2023-04-02 22:25:01.986718 - Found DCMSREGS.txt (text/plain) in CBT.V504.FILE179.PDS, moved to PDS/DCMSREGS
2023-04-02 22:25:01.987773 - Found DCMSTART.txt (text/plain) in CBT.V504.FILE179.PDS, moved to PDS/DCMSTART
2023-04-02 22:25:01.989263 - Found DCMSTKCB.txt (text/plain) in CBT.V504.FILE179.PDS, moved to PDS/DCMSTKCB
2023-04-02 22:25:01.990483 - Found DCMSTOP.txt (text/plain) in CBT.V504.FILE179.PDS, moved to PDS/DCMSTOP
2023-04-02 22:25:01.991753 - Found DCMSUPT.txt (text/plain) in CBT.V504.FILE179.PDS, moved to PDS/DCMSUPT
2023-04-02 22:25:01.993023 - Found DCMSWORK.txt (text/plain) in CBT.V504.FILE179.PDS, moved to PDS/DCMSWORK
2023-04-02 22:25:01.994097 - Found DROPX.txt (text/plain) in CBT.V504.FILE179.PDS, moved to PDS/DROPX
2023-04-02 22:25:01.995191 - Found DSGEN.txt (text/plain) in CBT.V504.FILE179.PDS, moved to PDS/DSGEN
2023-04-02 22:25:01.996566 - Found EPAR#.txt (text/plain) in CBT.V504.FILE179.PDS, moved to PDS/EPAR#
2023-04-02 22:25:01.997655 - Found ESAR#.txt (text/plain) in CBT.V504.FILE179.PDS, moved to PDS/ESAR#
2023-04-02 22:25:01.998807 - Found FCBGEN.txt (text/plain) in CBT.V504.FILE179.PDS, moved to PDS/FCBGEN
2023-04-02 22:25:02.000179 - Found FL1.txt (text/plain) in CBT.V504.FILE179.PDS, moved to PDS/FL1
2023-04-02 22:25:02.001605 - Found FL2.txt (text/plain) in CBT.V504.FILE179.PDS, moved to PDS/FL2
2023-04-02 22:25:02.003107 - Found FREE.txt (text/plain) in CBT.V504.FILE179.PDS, moved to PDS/FREE
2023-04-02 22:25:02.004207 - Found F3270.txt (text/plain) in CBT.V504.FILE179.PDS, moved to PDS/F3270
2023-04-02 22:25:02.005508 - Found F3270@.txt (text/plain) in CBT.V504.FILE179.PDS, moved to PDS/F3270@
2023-04-02 22:25:02.006685 - Found HEX.txt (text/plain) in CBT.V504.FILE179.PDS, moved to PDS/HEX
2023-04-02 22:25:02.007790 - Found HEXTAB.txt (text/plain) in CBT.V504.FILE179.PDS, moved to PDS/HEXTAB
2023-04-02 22:25:02.009060 - Found ID.txt (text/plain) in CBT.V504.FILE179.PDS, moved to PDS/ID
2023-04-02 22:25:02.010156 - Found IECDLCH@.txt (text/plain) in CBT.V504.FILE179.PDS, moved to PDS/IECDLCH@
2023-04-02 22:25:02.011411 - Found IEEMBRDS.txt (text/plain) in CBT.V504.FILE179.PDS, moved to PDS/IEEMBRDS
2023-04-02 22:25:02.012616 - Found IEERDCM@.txt (text/plain) in CBT.V504.FILE179.PDS, moved to PDS/IEERDCM@
2023-04-02 22:25:02.014132 - Found IEETDCM.txt (text/plain) in CBT.V504.FILE179.PDS, moved to PDS/IEETDCM
2023-04-02 22:25:02.015290 - Found IEETDCM@.txt (text/plain) in CBT.V504.FILE179.PDS, moved to PDS/IEETDCM@
2023-04-02 22:25:02.016565 - Found IKJCVT.txt (text/plain) in CBT.V504.FILE179.PDS, moved to PDS/IKJCVT
2023-04-02 22:25:02.017646 - Found IKJEBEST.txt (text/plain) in CBT.V504.FILE179.PDS, moved to PDS/IKJEBEST
2023-04-02 22:25:02.018858 - Found IKJZT301.txt (text/plain) in CBT.V504.FILE179.PDS, moved to PDS/IKJZT301
2023-04-02 22:25:02.020098 - Found IKJZT302.txt (text/plain) in CBT.V504.FILE179.PDS, moved to PDS/IKJZT302
2023-04-02 22:25:02.021212 - Found IKJZT303.txt (text/plain) in CBT.V504.FILE179.PDS, moved to PDS/IKJZT303
2023-04-02 22:25:02.022558 - Found IKJZT304.txt (text/plain) in CBT.V504.FILE179.PDS, moved to PDS/IKJZT304
2023-04-02 22:25:02.028037 - Found IKJZT305.txt (text/plain) in CBT.V504.FILE179.PDS, moved to PDS/IKJZT305
2023-04-02 22:25:02.029553 - Found INUSE.txt (text/plain) in CBT.V504.FILE179.PDS, moved to PDS/INUSE
2023-04-02 22:25:02.030948 - Found IOBD.txt (text/plain) in CBT.V504.FILE179.PDS, moved to PDS/IOBD
2023-04-02 22:25:02.032149 - Found IOCB.txt (text/plain) in CBT.V504.FILE179.PDS, moved to PDS/IOCB
2023-04-02 22:25:02.033368 - Found IRACCT@.txt (text/plain) in CBT.V504.FILE179.PDS, moved to PDS/IRACCT@
2023-04-02 22:25:02.034398 - Found IRADMDT@.txt (text/plain) in CBT.V504.FILE179.PDS, moved to PDS/IRADMDT@
2023-04-02 22:25:02.035540 - Found IRAICT@.txt (text/plain) in CBT.V504.FILE179.PDS, moved to PDS/IRAICT@
2023-04-02 22:25:02.036674 - Found IRARMCT@.txt (text/plain) in CBT.V504.FILE179.PDS, moved to PDS/IRARMCT@
2023-04-02 22:25:02.037907 - Found IRAWMST@.txt (text/plain) in CBT.V504.FILE179.PDS, moved to PDS/IRAWMST@
2023-04-02 22:25:02.039042 - Found LC.txt (text/plain) in CBT.V504.FILE179.PDS, moved to PDS/LC
2023-04-02 22:25:02.040190 - Found MONTHS.txt (text/plain) in CBT.V504.FILE179.PDS, moved to PDS/MONTHS
2023-04-02 22:25:02.041383 - Found MVCP#.txt (text/plain) in CBT.V504.FILE179.PDS, moved to PDS/MVCP#
2023-04-02 22:25:02.042450 - Found MVCS#.txt (text/plain) in CBT.V504.FILE179.PDS, moved to PDS/MVCS#
2023-04-02 22:25:02.043595 - Found NOWPARM.txt (text/plain) in CBT.V504.FILE179.PDS, moved to PDS/NOWPARM
2023-04-02 22:25:02.044663 - Found OACDROP.txt (text/plain) in CBT.V504.FILE179.PDS, moved to PDS/OACDROP
2023-04-02 22:25:02.045791 - Found OACFSORT.txt (text/plain) in CBT.V504.FILE179.PDS, moved to PDS/OACFSORT
2023-04-02 22:25:02.046916 - Found OACGBLS.txt (text/plain) in CBT.V504.FILE179.PDS, moved to PDS/OACGBLS
2023-04-02 22:25:02.048301 - Found OACPRTPM.txt (text/plain) in CBT.V504.FILE179.PDS, moved to PDS/OACPRTPM
2023-04-02 22:25:02.049478 - Found OACREGS.txt (text/plain) in CBT.V504.FILE179.PDS, moved to PDS/OACREGS
2023-04-02 22:25:02.050571 - Found OACUSING.txt (text/plain) in CBT.V504.FILE179.PDS, moved to PDS/OACUSING
2023-04-02 22:25:02.051908 - Found OSENTER.txt (text/plain) in CBT.V504.FILE179.PDS, moved to PDS/OSENTER
2023-04-02 22:25:02.053076 - Found OSENTER@.txt (text/plain) in CBT.V504.FILE179.PDS, moved to PDS/OSENTER@
2023-04-02 22:25:02.054039 - Found OSENT01.txt (text/plain) in CBT.V504.FILE179.PDS, moved to PDS/OSENT01
2023-04-02 22:25:02.055245 - Found PC#.txt (text/plain) in CBT.V504.FILE179.PDS, moved to PDS/PC#
2023-04-02 22:25:02.056613 - Found PDE.txt (text/plain) in CBT.V504.FILE179.PDS, moved to PDS/PDE
2023-04-02 22:25:02.057954 - Found PFKEY.txt (text/plain) in CBT.V504.FILE179.PDS, moved to PDS/PFKEY
2023-04-02 22:25:02.059132 - Found PGPB.txt (text/plain) in CBT.V504.FILE179.PDS, moved to PDS/PGPB
2023-04-02 22:25:02.060359 - Found REGEQU.txt (text/plain) in CBT.V504.FILE179.PDS, moved to PDS/REGEQU
2023-04-02 22:25:02.061426 - Found RLCT.txt (text/plain) in CBT.V504.FILE179.PDS, moved to PDS/RLCT
2023-04-02 22:25:02.062471 - Found RLCT@.txt (text/plain) in CBT.V504.FILE179.PDS, moved to PDS/RLCT@
2023-04-02 22:25:02.063563 - Found RMCNS.txt (text/plain) in CBT.V504.FILE179.PDS, moved to PDS/RMCNS
2023-04-02 22:25:02.064638 - Found RMODE.txt (text/plain) in CBT.V504.FILE179.PDS, moved to PDS/RMODE
2023-04-02 22:25:02.065753 - Found SDV.txt (text/plain) in CBT.V504.FILE179.PDS, moved to PDS/SDV
2023-04-02 22:25:02.066798 - Found SMF132.txt (text/plain) in CBT.V504.FILE179.PDS, moved to PDS/SMF132
2023-04-02 22:25:02.067859 - Found SSAR#.txt (text/plain) in CBT.V504.FILE179.PDS, moved to PDS/SSAR#
2023-04-02 22:25:02.068951 - Found TDCB.txt (text/plain) in CBT.V504.FILE179.PDS, moved to PDS/TDCB
2023-04-02 22:25:02.069971 - Found TLD.txt (text/plain) in CBT.V504.FILE179.PDS, moved to PDS/TLD
2023-04-02 22:25:02.070999 - Found TLS.txt (text/plain) in CBT.V504.FILE179.PDS, moved to PDS/TLS
2023-04-02 22:25:02.072010 - Found TMPMAC.txt (text/plain) in CBT.V504.FILE179.PDS, moved to PDS/TMPMAC
2023-04-02 22:25:02.073037 - Found TODAY.txt (text/plain) in CBT.V504.FILE179.PDS, moved to PDS/TODAY
2023-04-02 22:25:02.074362 - Found TODAY@.txt (text/plain) in CBT.V504.FILE179.PDS, moved to PDS/TODAY@
2023-04-02 22:25:02.075581 - Found TPUTX.txt (text/plain) in CBT.V504.FILE179.PDS, moved to PDS/TPUTX
2023-04-02 22:25:02.077000 - Found TRMIO.txt (text/plain) in CBT.V504.FILE179.PDS, moved to PDS/TRMIO
2023-04-02 22:25:02.078470 - Found TSCPPL.txt (text/plain) in CBT.V504.FILE179.PDS, moved to PDS/TSCPPL
2023-04-02 22:25:02.079823 - Found TSCSPL.txt (text/plain) in CBT.V504.FILE179.PDS, moved to PDS/TSCSPL
2023-04-02 22:25:02.080907 - Found TSDAIR.txt (text/plain) in CBT.V504.FILE179.PDS, moved to PDS/TSDAIR
2023-04-02 22:25:02.081895 - Found TSDAIRER.txt (text/plain) in CBT.V504.FILE179.PDS, moved to PDS/TSDAIRER
2023-04-02 22:25:02.082941 - Found TSDAPL.txt (text/plain) in CBT.V504.FILE179.PDS, moved to PDS/TSDAPL
2023-04-02 22:25:02.084282 - Found TSDMPL.txt (text/plain) in CBT.V504.FILE179.PDS, moved to PDS/TSDMPL
2023-04-02 22:25:02.085257 - Found TSIOPL.txt (text/plain) in CBT.V504.FILE179.PDS, moved to PDS/TSIOPL
2023-04-02 22:25:02.086171 - Found TSMPL.txt (text/plain) in CBT.V504.FILE179.PDS, moved to PDS/TSMPL
2023-04-02 22:25:02.087148 - Found TSMSG.txt (text/plain) in CBT.V504.FILE179.PDS, moved to PDS/TSMSG
2023-04-02 22:25:02.088500 - Found TSMSGD.txt (text/plain) in CBT.V504.FILE179.PDS, moved to PDS/TSMSGD
2023-04-02 22:25:02.089507 - Found TSPARERR.txt (text/plain) in CBT.V504.FILE179.PDS, moved to PDS/TSPARERR
2023-04-02 22:25:02.090551 - Found TSPARSE.txt (text/plain) in CBT.V504.FILE179.PDS, moved to PDS/TSPARSE
2023-04-02 22:25:02.091709 - Found TSPPL.txt (text/plain) in CBT.V504.FILE179.PDS, moved to PDS/TSPPL
2023-04-02 22:25:02.093311 - Found TSUSRCHK.txt (text/plain) in CBT.V504.FILE179.PDS, moved to PDS/TSUSRCHK
2023-04-02 22:25:02.094555 - Found USCPTBL.txt (text/plain) in CBT.V504.FILE179.PDS, moved to PDS/USCPTBL
2023-04-02 22:25:02.095657 - Found USCUVT.txt (text/plain) in CBT.V504.FILE179.PDS, moved to PDS/USCUVT
2023-04-02 22:25:02.096830 - Found USNGX.txt (text/plain) in CBT.V504.FILE179.PDS, moved to PDS/USNGX
2023-04-02 22:25:02.098059 - Found VOL.txt (text/plain) in CBT.V504.FILE179.PDS, moved to PDS/VOL
2023-04-02 22:25:02.099178 - Found XSELNAME.txt (text/plain) in CBT.V504.FILE179.PDS, moved to PDS/XSELNAME
2023-04-02 22:25:02.100260 - Found X2D.txt (text/plain) in CBT.V504.FILE179.PDS, moved to PDS/X2D
